Start Sefaz Check...
2/4 - 12:49
No Error
Enviado.
Start Sefaz Check...
2/4 - 12:49
No Error
Enviado.
Start Sefaz Check...
2/4 - 12:49
No Error
Enviado.
Start Sefaz Check...
2/4 - 12:49
No Error
Enviado.
Start Sefaz Check...
2/4 - 12:49
No Error
Enviado.
Start Sefaz Check...
2/4 - 12:50
No Error
Enviado.
Start Sefaz Check...
2/4 - 12:50
No Error
Enviado.
Start Sefaz Check...
2/4 - 12:50
No Error
Enviado.
Start Sefaz Check...
2/4 - 12:50
No Error
Enviado.
Start Sefaz Check...
2/4 - 12:50
No Error
Enviado.
Start Sefaz Check...
2/4 - 12:50
No Error
Enviado.
Start Sefaz Check...
2/4 - 12:50
No Error
Enviado.
Start Sefaz Check...
2/4 - 12:50
No Error
Enviado.
Start Sefaz Check...
2/4 - 12:50
No Error
Enviado.
Start Sefaz Check...
2/4 - 12:50
No Error
Enviado.
Start Sefaz Check...
2/4 - 12:50
No Error
Enviado.
Start Sefaz Check...
2/4 - 12:50
No Error
Enviado.
Start Sefaz Check...
2/4 - 12:51
No Error
Enviado.
Start Sefaz Check...
2/4 - 12:51
No Error
Enviado.
Start Sefaz Check...
2/4 - 12:51
No Error
Enviado.
Start Sefaz Check...
2/4 - 12:51
No Error
Enviado.
Start Sefaz Check...
2/4 - 12:51
No Error
Enviado.
Start Sefaz Check...
2/4 - 12:51
No Error
Enviado.
Start Sefaz Check...
2/4 - 12:51
No Error
Enviado.
Start Sefaz Check...
2/4 - 12:51
No Error
Enviado.
Start Sefaz Check...
2/4 - 12:51
No Error
Enviado.
Start Sefaz Check...
2/4 - 12:51
No Error
Enviado.
Start Sefaz Check...
2/4 - 12:51
No Error
Enviado.
Start Sefaz Check...
2/4 - 12:51
No Error
Enviado.
Start Sefaz Check...
2/4 - 12:52
No Error
Enviado.
Start Sefaz Check...
2/4 - 12:52
No Error
Enviado.
Start Sefaz Check...
2/4 - 12:52
No Error
Enviado.
Start Sefaz Check...
2/4 - 12:52
No Error
Enviado.
Start Sefaz Check...
2/4 - 12:52
No Error
Enviado.
Start Sefaz Check...
2/4 - 12:52
No Error
Enviado.
Start Sefaz Check...
2/4 - 12:52
No Error
Enviado.
Start Sefaz Check...
2/4 - 12:52
No Error
Enviado.
Start Sefaz Check...
2/4 - 12:52
No Error
Enviado.
Start Sefaz Check...
2/4 - 12:52
No Error
Enviado.
Start Sefaz Check...
2/4 - 12:52
No Error
Enviado.
Start Sefaz Check...
2/4 - 12:52
No Error
Enviado.
Start Sefaz Check...
2/4 - 12:53
No Error
Enviado.
Start Sefaz Check...
2/4 - 12:53
No Error
Enviado.
Start Sefaz Check...
2/4 - 12:53
No Error
Enviado.
Start Sefaz Check...
2/4 - 12:53
No Error
Enviado.
Start Sefaz Check...
2/4 - 12:53
No Error
Enviado.
Start Sefaz Check...
2/4 - 12:53
No Error
Enviado.
Start Sefaz Check...
2/4 - 12:53
No Error
Enviado.
Start Sefaz Check...
2/4 - 12:53
No Error
Enviado.
Start Sefaz Check...
2/4 - 12:53
No Error
Enviado.
Start Sefaz Check...
2/4 - 12:53
No Error
Enviado.
Start Sefaz Check...
2/4 - 12:53
No Error
Enviado.
Start Sefaz Check...
2/4 - 12:53
No Error
Enviado.
Start Sefaz Check...
2/4 - 12:54
No Error
Enviado.
Start Sefaz Check...
2/4 - 12:54
No Error
Enviado.
Start Sefaz Check...
2/4 - 12:54
No Error
Enviado.
Start Sefaz Check...
2/4 - 12:54
No Error
Enviado.
Start Sefaz Check...
2/4 - 12:54
No Error
Enviado.
Start Sefaz Check...
2/4 - 12:54
No Error
Enviado.
Start Sefaz Check...
2/4 - 12:54
No Error
Enviado.
Start Sefaz Check...
2/4 - 12:54
No Error
Enviado.
Start Sefaz Check...
2/4 - 12:54
No Error
Enviado.
Start Sefaz Check...
2/4 - 12:54
No Error
Enviado.
Start Sefaz Check...
2/4 - 12:54
No Error
Enviado.
Start Sefaz Check...
2/4 - 12:54
No Error
Enviado.
Start Sefaz Check...
2/4 - 12:55
No Error
Enviado.
Start Sefaz Check...
2/4 - 12:55
No Error
Enviado.
Start Sefaz Check...
2/4 - 12:55
No Error
Enviado.
Start Sefaz Check...
2/4 - 12:55
No Error
Enviado.
Start Sefaz Check...
2/4 - 12:55
No Error
Enviado.
Start Sefaz Check...
2/4 - 12:55
No Error
Enviado.
Start Sefaz Check...
2/4 - 12:55
No Error
Enviado.
Start Sefaz Check...
2/4 - 12:55
No Error
Enviado.
Start Sefaz Check...
2/4 - 12:55
Start Sefaz Check...
2/4 - 12:55
No Error
Enviado.
Start Sefaz Check...
2/4 - 12:55
Start Sefaz Check...
2/4 - 12:55
No Error
Enviado.
Start Sefaz Check...
2/4 - 12:56
No Error
Enviado.
Start Sefaz Check...
2/4 - 12:56
No Error
Enviado.
Start Sefaz Check...
2/4 - 12:56
No Error
Enviado.
Start Sefaz Check...
2/4 - 12:56
No Error
Enviado.
Start Sefaz Check...
2/4 - 12:56
No Error
Enviado.
Start Sefaz Check...
2/4 - 12:56
No Error
Enviado.
Start Sefaz Check...
2/4 - 12:56
No Error
Enviado.
Start Sefaz Check...
2/4 - 12:56
No Error
Enviado.
Start Sefaz Check...
2/4 - 12:56
No Error
Enviado.
Start Sefaz Check...
2/4 - 12:56
No Error
Enviado.
Start Sefaz Check...
2/4 - 12:56
No Error
Enviado.
Start Sefaz Check...
2/4 - 12:56
No Error
Enviado.
AxiosError: read ETIMEDOUT
    at AxiosError.from (/home/pedro/Documentos/CLI-ITEK/node_modules/axios/dist/node/axios.cjs:825:14)
    at RedirectableRequest.handleRequestError (/home/pedro/Documentos/CLI-ITEK/node_modules/axios/dist/node/axios.cjs:2973:25)
    at RedirectableRequest.emit (node:events:513:28)
    at eventHandlers.<computed> (/home/pedro/Documentos/CLI-ITEK/node_modules/follow-redirects/index.js:14:24)
    at ClientRequest.emit (node:events:513:28)
    at TLSSocket.socketErrorListener (node:_http_client:502:9)
    at TLSSocket.emit (node:events:513:28)
    at emitErrorNT (node:internal/streams/destroy:151:8)
    at emitErrorCloseNT (node:internal/streams/destroy:116:3)
    at process.processTicksAndRejections (node:internal/process/task_queues:82:21) {
  syscall: 'read',
  code: 'ETIMEDOUT',
  errno: -110,
  config: {
    transitional: {
      silentJSONParsing: true,
      forcedJSONParsing: true,
      clarifyTimeoutError: false
    },
    adapter: [ 'xhr', 'http' ],
    transformRequest: [ [Function: transformRequest] ],
    transformResponse: [ [Function: transformResponse] ],
    timeout: 0,
    xsrfCookieName: 'XSRF-TOKEN',
    xsrfHeaderName: 'X-XSRF-TOKEN',
    maxContentLength: -1,
    maxBodyLength: -1,
    env: { FormData: [Function], Blob: [class Blob] },
    validateStatus: [Function: validateStatus],
    headers: AxiosHeaders {
      Accept: 'application/json, text/plain, */*',
      'User-Agent': 'axios/1.3.4',
      'Accept-Encoding': 'gzip, compress, deflate, br'
    },
    method: 'get',
    url: 'https://monitor.tecnospeed.com.br/monitores?stateStatus=true&doc=nfce',
    data: undefined
  },
  request: <ref *1> Writable {
    _writableState: WritableState {
      objectMode: false,
      highWaterMark: 16384,
      finalCalled: false,
      needDrain: false,
      ending: false,
      ended: false,
      finished: false,
      destroyed: false,
      decodeStrings: true,
      defaultEncoding: 'utf8',
      length: 0,
      writing: false,
      corked: 0,
      sync: true,
      bufferProcessing: false,
      onwrite: [Function: bound onwrite],
      writecb: null,
      writelen: 0,
      afterWriteTickInfo: null,
      buffered: [],
      bufferedIndex: 0,
      allBuffers: true,
      allNoop: true,
      pendingcb: 0,
      constructed: true,
      prefinished: false,
      errorEmitted: false,
      emitClose: true,
      autoDestroy: true,
      errored: null,
      closed: false,
      closeEmitted: false,
      [Symbol(kOnFinished)]: []
    },
    _events: [Object: null prototype] {
      response: [Function: handleResponse],
      error: [Function: handleRequestError],
      socket: [Function: handleRequestSocket]
    },
    _eventsCount: 3,
    _maxListeners: undefined,
    _options: {
      maxRedirects: 21,
      maxBodyLength: Infinity,
      protocol: 'https:',
      path: '/monitores?stateStatus=true&doc=nfce',
      method: 'GET',
      headers: [Object: null prototype],
      agents: [Object],
      auth: undefined,
      beforeRedirect: [Function: dispatchBeforeRedirect],
      beforeRedirects: [Object],
      hostname: 'monitor.tecnospeed.com.br',
      port: '',
      agent: undefined,
      nativeProtocols: [Object],
      pathname: '/monitores',
      search: '?stateStatus=true&doc=nfce'
    },
    _ended: true,
    _ending: true,
    _redirectCount: 0,
    _redirects: [],
    _requestBodyLength: 0,
    _requestBodyBuffers: [],
    _onNativeResponse: [Function (anonymous)],
    _currentRequest: ClientRequest {
      _events: [Object: null prototype],
      _eventsCount: 7,
      _maxListeners: undefined,
      outputData: [],
      outputSize: 0,
      writable: true,
      destroyed: false,
      _last: true,
      chunkedEncoding: false,
      shouldKeepAlive: false,
      maxRequestsOnConnectionReached: false,
      _defaultKeepAlive: true,
      useChunkedEncodingByDefault: false,
      sendDate: false,
      _removedConnection: false,
      _removedContLen: false,
      _removedTE: false,
      strictContentLength: false,
      _contentLength: 0,
      _hasBody: true,
      _trailer: '',
      finished: true,
      _headerSent: true,
      _closed: false,
      socket: [TLSSocket],
      _header: 'GET /monitores?stateStatus=true&doc=nfce HTTP/1.1\r\n' +
        'Accept: application/json, text/plain, */*\r\n' +
        'User-Agent: axios/1.3.4\r\n' +
        'Accept-Encoding: gzip, compress, deflate, br\r\n' +
        'Host: monitor.tecnospeed.com.br\r\n' +
        'Connection: close\r\n' +
        '\r\n',
      _keepAliveTimeout: 0,
      _onPendingData: [Function: nop],
      agent: [Agent],
      socketPath: undefined,
      method: 'GET',
      maxHeaderSize: undefined,
      insecureHTTPParser: undefined,
      joinDuplicateHeaders: undefined,
      path: '/monitores?stateStatus=true&doc=nfce',
      _ended: false,
      res: null,
      aborted: false,
      timeoutCb: null,
      upgradeOrConnect: false,
      parser: null,
      maxHeadersCount: null,
      reusedSocket: false,
      host: 'monitor.tecnospeed.com.br',
      protocol: 'https:',
      _redirectable: [Circular *1],
      [Symbol(kCapture)]: false,
      [Symbol(kBytesWritten)]: 0,
      [Symbol(kEndCalled)]: true,
      [Symbol(kNeedDrain)]: false,
      [Symbol(corked)]: 0,
      [Symbol(kOutHeaders)]: [Object: null prototype],
      [Symbol(errored)]: null,
      [Symbol(kUniqueHeaders)]: null
    },
    _currentUrl: 'https://monitor.tecnospeed.com.br/monitores?stateStatus=true&doc=nfce',
    [Symbol(kCapture)]: false
  },
  cause: Error: read ETIMEDOUT
      at TLSWrap.onStreamRead (node:internal/stream_base_commons:217:20) {
    errno: -110,
    code: 'ETIMEDOUT',
    syscall: 'read'
  }
}
no response.
Start Sefaz Check...
2/4 - 12:57
No Error
Enviado.
AxiosError: read ETIMEDOUT
    at AxiosError.from (/home/pedro/Documentos/CLI-ITEK/node_modules/axios/dist/node/axios.cjs:825:14)
    at RedirectableRequest.handleRequestError (/home/pedro/Documentos/CLI-ITEK/node_modules/axios/dist/node/axios.cjs:2973:25)
    at RedirectableRequest.emit (node:events:513:28)
    at eventHandlers.<computed> (/home/pedro/Documentos/CLI-ITEK/node_modules/follow-redirects/index.js:14:24)
    at ClientRequest.emit (node:events:513:28)
    at TLSSocket.socketErrorListener (node:_http_client:502:9)
    at TLSSocket.emit (node:events:513:28)
    at emitErrorNT (node:internal/streams/destroy:151:8)
    at emitErrorCloseNT (node:internal/streams/destroy:116:3)
    at process.processTicksAndRejections (node:internal/process/task_queues:82:21) {
  syscall: 'read',
  code: 'ETIMEDOUT',
  errno: -110,
  config: {
    transitional: {
      silentJSONParsing: true,
      forcedJSONParsing: true,
      clarifyTimeoutError: false
    },
    adapter: [ 'xhr', 'http' ],
    transformRequest: [ [Function: transformRequest] ],
    transformResponse: [ [Function: transformResponse] ],
    timeout: 0,
    xsrfCookieName: 'XSRF-TOKEN',
    xsrfHeaderName: 'X-XSRF-TOKEN',
    maxContentLength: -1,
    maxBodyLength: -1,
    env: { FormData: [Function], Blob: [class Blob] },
    validateStatus: [Function: validateStatus],
    headers: AxiosHeaders {
      Accept: 'application/json, text/plain, */*',
      'User-Agent': 'axios/1.3.4',
      'Accept-Encoding': 'gzip, compress, deflate, br'
    },
    method: 'get',
    url: 'https://monitor.tecnospeed.com.br/monitores?stateStatus=true&doc=nfce',
    data: undefined
  },
  request: <ref *1> Writable {
    _writableState: WritableState {
      objectMode: false,
      highWaterMark: 16384,
      finalCalled: false,
      needDrain: false,
      ending: false,
      ended: false,
      finished: false,
      destroyed: false,
      decodeStrings: true,
      defaultEncoding: 'utf8',
      length: 0,
      writing: false,
      corked: 0,
      sync: true,
      bufferProcessing: false,
      onwrite: [Function: bound onwrite],
      writecb: null,
      writelen: 0,
      afterWriteTickInfo: null,
      buffered: [],
      bufferedIndex: 0,
      allBuffers: true,
      allNoop: true,
      pendingcb: 0,
      constructed: true,
      prefinished: false,
      errorEmitted: false,
      emitClose: true,
      autoDestroy: true,
      errored: null,
      closed: false,
      closeEmitted: false,
      [Symbol(kOnFinished)]: []
    },
    _events: [Object: null prototype] {
      response: [Function: handleResponse],
      error: [Function: handleRequestError],
      socket: [Function: handleRequestSocket]
    },
    _eventsCount: 3,
    _maxListeners: undefined,
    _options: {
      maxRedirects: 21,
      maxBodyLength: Infinity,
      protocol: 'https:',
      path: '/monitores?stateStatus=true&doc=nfce',
      method: 'GET',
      headers: [Object: null prototype],
      agents: [Object],
      auth: undefined,
      beforeRedirect: [Function: dispatchBeforeRedirect],
      beforeRedirects: [Object],
      hostname: 'monitor.tecnospeed.com.br',
      port: '',
      agent: undefined,
      nativeProtocols: [Object],
      pathname: '/monitores',
      search: '?stateStatus=true&doc=nfce'
    },
    _ended: true,
    _ending: true,
    _redirectCount: 0,
    _redirects: [],
    _requestBodyLength: 0,
    _requestBodyBuffers: [],
    _onNativeResponse: [Function (anonymous)],
    _currentRequest: ClientRequest {
      _events: [Object: null prototype],
      _eventsCount: 7,
      _maxListeners: undefined,
      outputData: [],
      outputSize: 0,
      writable: true,
      destroyed: false,
      _last: true,
      chunkedEncoding: false,
      shouldKeepAlive: false,
      maxRequestsOnConnectionReached: false,
      _defaultKeepAlive: true,
      useChunkedEncodingByDefault: false,
      sendDate: false,
      _removedConnection: false,
      _removedContLen: false,
      _removedTE: false,
      strictContentLength: false,
      _contentLength: 0,
      _hasBody: true,
      _trailer: '',
      finished: true,
      _headerSent: true,
      _closed: false,
      socket: [TLSSocket],
      _header: 'GET /monitores?stateStatus=true&doc=nfce HTTP/1.1\r\n' +
        'Accept: application/json, text/plain, */*\r\n' +
        'User-Agent: axios/1.3.4\r\n' +
        'Accept-Encoding: gzip, compress, deflate, br\r\n' +
        'Host: monitor.tecnospeed.com.br\r\n' +
        'Connection: close\r\n' +
        '\r\n',
      _keepAliveTimeout: 0,
      _onPendingData: [Function: nop],
      agent: [Agent],
      socketPath: undefined,
      method: 'GET',
      maxHeaderSize: undefined,
      insecureHTTPParser: undefined,
      joinDuplicateHeaders: undefined,
      path: '/monitores?stateStatus=true&doc=nfce',
      _ended: false,
      res: null,
      aborted: false,
      timeoutCb: null,
      upgradeOrConnect: false,
      parser: null,
      maxHeadersCount: null,
      reusedSocket: false,
      host: 'monitor.tecnospeed.com.br',
      protocol: 'https:',
      _redirectable: [Circular *1],
      [Symbol(kCapture)]: false,
      [Symbol(kBytesWritten)]: 0,
      [Symbol(kEndCalled)]: true,
      [Symbol(kNeedDrain)]: false,
      [Symbol(corked)]: 0,
      [Symbol(kOutHeaders)]: [Object: null prototype],
      [Symbol(errored)]: null,
      [Symbol(kUniqueHeaders)]: null
    },
    _currentUrl: 'https://monitor.tecnospeed.com.br/monitores?stateStatus=true&doc=nfce',
    [Symbol(kCapture)]: false
  },
  cause: Error: read ETIMEDOUT
      at TLSWrap.onStreamRead (node:internal/stream_base_commons:217:20) {
    errno: -110,
    code: 'ETIMEDOUT',
    syscall: 'read'
  }
}
no response.
Start Sefaz Check...
2/4 - 12:57
No Error
Enviado.
Start Sefaz Check...
2/4 - 12:57
No Error
Enviado.
Start Sefaz Check...
2/4 - 12:57
No Error
Enviado.
Start Sefaz Check...
2/4 - 12:57
No Error
Enviado.
Start Sefaz Check...
2/4 - 12:57
No Error
Enviado.
Start Sefaz Check...
2/4 - 12:57
No Error
Enviado.
Start Sefaz Check...
2/4 - 12:57
No Error
Enviado.
Start Sefaz Check...
2/4 - 12:57
No Error
Enviado.
Start Sefaz Check...
2/4 - 12:57
No Error
Enviado.
Start Sefaz Check...
2/4 - 12:57
No Error
Enviado.
Start Sefaz Check...
2/4 - 12:57
No Error
Enviado.
Start Sefaz Check...
2/4 - 12:58
No Error
Enviado.
Start Sefaz Check...
2/4 - 12:58
No Error
Enviado.
Start Sefaz Check...
2/4 - 12:58
No Error
Enviado.
Start Sefaz Check...
2/4 - 12:58
No Error
Enviado.
Start Sefaz Check...
2/4 - 12:58
No Error
Enviado.
Start Sefaz Check...
2/4 - 12:58
No Error
Enviado.
Start Sefaz Check...
2/4 - 12:58
No Error
Enviado.
Start Sefaz Check...
2/4 - 12:58
No Error
Enviado.
Start Sefaz Check...
2/4 - 12:58
No Error
Enviado.
Start Sefaz Check...
2/4 - 12:58
No Error
Enviado.
Start Sefaz Check...
2/4 - 12:58
No Error
Enviado.
Start Sefaz Check...
2/4 - 12:58
No Error
Enviado.
Start Sefaz Check...
2/4 - 12:59
No Error
Enviado.
Start Sefaz Check...
2/4 - 12:59
No Error
Enviado.
Start Sefaz Check...
2/4 - 12:59
No Error
Enviado.
Start Sefaz Check...
2/4 - 12:59
No Error
Enviado.
Start Sefaz Check...
2/4 - 12:59
No Error
Enviado.
Start Sefaz Check...
2/4 - 12:59
No Error
Enviado.
Start Sefaz Check...
2/4 - 12:59
No Error
Enviado.
Start Sefaz Check...
2/4 - 12:59
No Error
Enviado.
Start Sefaz Check...
2/4 - 12:59
No Error
Enviado.
Start Sefaz Check...
2/4 - 12:59
No Error
Enviado.
Start Sefaz Check...
2/4 - 12:59
No Error
Enviado.
Start Sefaz Check...
2/4 - 12:59
No Error
Enviado.
Start Sefaz Check...
2/4 - 13:00
No Error
Enviado.
Start Sefaz Check...
2/4 - 13:00
No Error
Enviado.
Start Sefaz Check...
2/4 - 13:00
No Error
Enviado.
Start Sefaz Check...
2/4 - 13:00
No Error
Enviado.
Start Sefaz Check...
2/4 - 13:00
No Error
Enviado.
Start Sefaz Check...
2/4 - 13:00
No Error
Enviado.
Start Sefaz Check...
2/4 - 13:00
No Error
Enviado.
Start Sefaz Check...
2/4 - 13:00
No Error
Enviado.
Start Sefaz Check...
2/4 - 13:00
No Error
Enviado.
Start Sefaz Check...
2/4 - 13:00
No Error
Enviado.
Start Sefaz Check...
2/4 - 13:00
No Error
Enviado.
Start Sefaz Check...
2/4 - 13:00
No Error
Enviado.
Start Sefaz Check...
2/4 - 13:01
No Error
Enviado.
Start Sefaz Check...
2/4 - 13:01
No Error
Enviado.
Start Sefaz Check...
2/4 - 13:01
No Error
Enviado.
Start Sefaz Check...
2/4 - 13:01
No Error
Enviado.
Start Sefaz Check...
2/4 - 13:01
No Error
Enviado.
Start Sefaz Check...
2/4 - 13:01
No Error
Enviado.
Start Sefaz Check...
2/4 - 13:01
No Error
Enviado.
Start Sefaz Check...
2/4 - 13:01
No Error
Enviado.
Start Sefaz Check...
2/4 - 13:01
No Error
Enviado.
Start Sefaz Check...
2/4 - 13:01
No Error
Enviado.
Start Sefaz Check...
2/4 - 13:01
No Error
Enviado.
Start Sefaz Check...
2/4 - 13:01
No Error
Enviado.
Start Sefaz Check...
2/4 - 13:02
No Error
Enviado.
Start Sefaz Check...
2/4 - 13:02
No Error
Enviado.
Start Sefaz Check...
2/4 - 13:02
No Error
Enviado.
Start Sefaz Check...
2/4 - 13:02
No Error
Enviado.
Start Sefaz Check...
2/4 - 13:02
No Error
Enviado.
Start Sefaz Check...
2/4 - 13:02
No Error
Enviado.
Start Sefaz Check...
2/4 - 13:02
No Error
Enviado.
Start Sefaz Check...
2/4 - 13:02
No Error
Enviado.
Start Sefaz Check...
2/4 - 13:02
No Error
Enviado.
Start Sefaz Check...
2/4 - 13:02
No Error
Enviado.
Start Sefaz Check...
2/4 - 13:02
No Error
Enviado.
Start Sefaz Check...
2/4 - 13:02
No Error
Enviado.
Start Sefaz Check...
2/4 - 13:03
No Error
Enviado.
Start Sefaz Check...
2/4 - 13:03
No Error
Enviado.
Start Sefaz Check...
2/4 - 13:03
No Error
Enviado.
Start Sefaz Check...
2/4 - 13:03
No Error
Enviado.
Start Sefaz Check...
2/4 - 13:03
No Error
Enviado.
Start Sefaz Check...
2/4 - 13:03
No Error
Enviado.
Start Sefaz Check...
2/4 - 13:03
No Error
Enviado.
Start Sefaz Check...
2/4 - 13:03
No Error
Enviado.
Start Sefaz Check...
2/4 - 13:03
No Error
Enviado.
Start Sefaz Check...
2/4 - 13:03
No Error
Enviado.
Start Sefaz Check...
2/4 - 13:03
No Error
Enviado.
Start Sefaz Check...
2/4 - 13:04
No Error
Enviado.
Start Sefaz Check...
2/4 - 13:04
No Error
Enviado.
Start Sefaz Check...
2/4 - 13:04
No Error
Enviado.
Start Sefaz Check...
2/4 - 13:04
No Error
Enviado.
Start Sefaz Check...
2/4 - 13:04
No Error
Enviado.
Start Sefaz Check...
2/4 - 13:04
No Error
Enviado.
Start Sefaz Check...
2/4 - 13:04
No Error
Enviado.
Start Sefaz Check...
2/4 - 13:04
No Error
Enviado.
Start Sefaz Check...
2/4 - 13:04
No Error
Enviado.
Start Sefaz Check...
2/4 - 13:04
No Error
Enviado.
Start Sefaz Check...
2/4 - 13:04
No Error
Enviado.
Start Sefaz Check...
2/4 - 13:04
No Error
Enviado.
Start Sefaz Check...
2/4 - 13:05
No Error
Enviado.
Start Sefaz Check...
2/4 - 13:05
No Error
Enviado.
Start Sefaz Check...
2/4 - 13:05
No Error
Enviado.
Start Sefaz Check...
2/4 - 13:05
No Error
Enviado.
Start Sefaz Check...
2/4 - 13:05
No Error
Enviado.
Start Sefaz Check...
2/4 - 13:05
No Error
Enviado.
Start Sefaz Check...
2/4 - 13:05
No Error
Enviado.
Start Sefaz Check...
2/4 - 13:05
No Error
Enviado.
Start Sefaz Check...
2/4 - 13:05
No Error
Enviado.
Start Sefaz Check...
2/4 - 13:05
No Error
Enviado.
Start Sefaz Check...
2/4 - 13:05
No Error
Enviado.
Start Sefaz Check...
2/4 - 13:05
Start Sefaz Check...
2/4 - 14:22
No Error
Enviado.
Start Sefaz Check...
2/4 - 14:22
No Error
Enviado.
Start Sefaz Check...
2/4 - 14:23
No Error
Enviado.
Start Sefaz Check...
2/4 - 14:23
No Error
Enviado.
Start Sefaz Check...
2/4 - 14:23
No Error
Enviado.
Start Sefaz Check...
2/4 - 14:23
No Error
Enviado.
Start Sefaz Check...
2/4 - 14:23
No Error
Enviado.
Start Sefaz Check...
2/4 - 14:23
No Error
Enviado.
Start Sefaz Check...
2/4 - 14:23
No Error
Enviado.
Start Sefaz Check...
2/4 - 14:23
No Error
Enviado.
Start Sefaz Check...
2/4 - 14:23
No Error
Enviado.
Start Sefaz Check...
2/4 - 14:23
No Error
Enviado.
Start Sefaz Check...
2/4 - 14:23
No Error
Enviado.
Start Sefaz Check...
2/4 - 14:23
No Error
Enviado.
Start Sefaz Check...
2/4 - 14:24
No Error
Enviado.
Start Sefaz Check...
2/4 - 14:24
No Error
Enviado.
Start Sefaz Check...
2/4 - 14:24
No Error
Enviado.
Start Sefaz Check...
2/4 - 14:24
No Error
Enviado.
Start Sefaz Check...
2/4 - 14:24
No Error
Enviado.
Start Sefaz Check...
2/4 - 14:24
No Error
Enviado.
Start Sefaz Check...
2/4 - 14:24
No Error
Enviado.
Start Sefaz Check...
2/4 - 14:24
No Error
Enviado.
Start Sefaz Check...
2/4 - 14:24
No Error
Enviado.
Start Sefaz Check...
2/4 - 14:24
No Error
Enviado.
Start Sefaz Check...
2/4 - 14:24
No Error
Enviado.
Start Sefaz Check...
2/4 - 14:24
No Error
Enviado.
/home/pedro/Documentos/sefazconsole/config/config.js:9
moduele.expors = {config};
^

ReferenceError: moduele is not defined
    at Object.<anonymous> (/home/pedro/Documentos/sefazconsole/config/config.js:9:1)
    at Module._compile (node:internal/modules/cjs/loader:1254:14)
    at Module._extensions..js (node:internal/modules/cjs/loader:1308:10)
    at Module.load (node:internal/modules/cjs/loader:1117:32)
    at Module._load (node:internal/modules/cjs/loader:958:12)
    at Module.require (node:internal/modules/cjs/loader:1141:19)
    at require (node:internal/modules/cjs/helpers:110:18)
    at Object.<anonymous> (/home/pedro/Documentos/sefazconsole/sefaz.js:8:14)
    at Module._compile (node:internal/modules/cjs/loader:1254:14)
    at Module._extensions..js (node:internal/modules/cjs/loader:1308:10)

Node.js v18.15.0
